<?xml version="1.0" encoding="UTF-8"?>
<!-- Generated by org.testng.reporters.JUnitXMLReporter -->
<testsuite ignored="2" hostname="DESKTOP-VRBAL0D" failures="0" tests="1" name="Default test" time="24.674" errors="0" timestamp="2022-12-22T18:49:21 IST">
  <testcase classname="com.excelr.testcases.LoginPageTest" name="validateLoginTest" time="4.053"/>
  <testcase classname="com.excelr.testcases.LoginPageTest" name="validateTitleTest" time="0.0">
    <ignored/>
  </testcase> <!-- validateTitleTest -->
  <testcase classname="com.excelr.testcases.LoginPageTest" name="validateMultipleUserRole" time="0.0">
    <ignored/>
  </testcase> <!-- validateMultipleUserRole -->
</testsuite> <!-- Default test -->
