<?xml version="1.0" encoding="UTF-8"?>
<testng-results ignored="2" total="3" passed="1" failed="0" skipped="0">
  <reporter-output>
  </reporter-output>
  <suite started-at="2022-12-22T18:48:57 IST" name="Default suite" finished-at="2022-12-22T18:49:21 IST" duration-ms="24674">
    <groups>
    </groups>
    <test started-at="2022-12-22T18:48:57 IST" name="Default test" finished-at="2022-12-22T18:49:21 IST" duration-ms="24674">
      <class name="com.excelr.testcases.LoginPageTest">
        <test-method is-config="true" signature="browserSetup()[pri:0, instance:com.excelr.testcases.LoginPageTest@7c711375]" started-at="2022-12-22T18:48:57 IST" name="browserSetup" finished-at="2022-12-22T18:49:15 IST" duration-ms="18643" status="PASS">
          <reporter-output>
          </reporter-output>
        </test-method> <!-- browserSetup -->
        <test-method signature="validateLoginTest()[pri:0, instance:com.excelr.testcases.LoginPageTest@7c711375]" started-at="2022-12-22T18:49:15 IST" name="validateLoginTest" finished-at="2022-12-22T18:49:19 IST" duration-ms="4053" status="PASS">
          <reporter-output>
          </reporter-output>
        </test-method> <!-- validateLoginTest -->
        <test-method is-config="true" signature="closeSetup()[pri:0, instance:com.excelr.testcases.LoginPageTest@7c711375]" started-at="2022-12-22T18:49:19 IST" name="closeSetup" finished-at="2022-12-22T18:49:21 IST" duration-ms="1914" status="PASS">
          <reporter-output>
          </reporter-output>
        </test-method> <!-- closeSetup -->
      </class> <!-- com.excelr.testcases.LoginPageTest -->
    </test> <!-- Default test -->
  </suite> <!-- Default suite -->
</testng-results>
